2024-11-26 15:56:56,884;Capella;6.1.0.202303291413;Open+Session;%D0%B3%D0%B0%D1%83%D1%81%D1%81%D0%BC%D0%B5%D1%82%D1%80.aird;;
2024-11-26 15:56:58,112;Capella;6.1.0.202303291413;Open+Session;%D0%B3%D0%B0%D1%83%D1%81%D1%81%D0%BC%D0%B5%D1%82%D1%80.aird;OK;
2024-11-29 23:23:58,307;Capella;6.1.0.202303291413;Create+Representation;Operational+Capabilities+Blank;;58d3006f-c7ad-4402-9818-7339e28b44e3
2024-11-29 23:24:46,911;Capella;6.1.0.202303291413;Create+Representation;Operational+Capabilities+Blank;;58d3006f-c7ad-4402-9818-7339e28b44e3
2024-11-29 23:24:47,049;Capella;6.1.0.202303291413;Create+Representation;Operational+Capabilities+Blank;OK;58d3006f-c7ad-4402-9818-7339e28b44e3
2024-11-29 23:24:48,151;Capella;6.1.0.202303291413;Create+Representation;Operational+Capabilities+Blank;OK;58d3006f-c7ad-4402-9818-7339e28b44e3
2024-11-29 23:59:42,881;Capella;6.1.0.202303291413;Create+Representation;Operational+Activity+Interaction+Blank;;41c3ca98-fbd0-443d-b203-80ce0c35105c
2024-11-30 00:01:03,770;Capella;6.1.0.202303291413;Create+Representation;Operational+Activity+Interaction+Blank;OK;41c3ca98-fbd0-443d-b203-80ce0c35105c
2024-11-30 00:25:14,312;Capella;6.1.0.202303291413;Open+Representation;;;
2024-11-30 00:25:14,422;Capella;6.1.0.202303291413;Open+Representation;;OK;
2024-11-30 00:54:27,847;Capella;6.1.0.202303291413;Open+Representation;;;
2024-11-30 00:54:27,940;Capella;6.1.0.202303291413;Open+Representation;;OK;
2024-11-30 00:55:03,704;Capella;6.1.0.202303291413;Create+Representation;Operational+Activity+Interaction+Blank;;41c3ca98-fbd0-443d-b203-80ce0c35105c
2024-11-30 00:55:08,723;Capella;6.1.0.202303291413;Create+Representation;Operational+Activity+Interaction+Blank;;41c3ca98-fbd0-443d-b203-80ce0c35105c
2024-11-30 00:55:08,728;Capella;6.1.0.202303291413;Create+Representation;Operational+Activity+Interaction+Blank;OK;41c3ca98-fbd0-443d-b203-80ce0c35105c
2024-11-30 00:55:08,891;Capella;6.1.0.202303291413;Create+Representation;Operational+Activity+Interaction+Blank;OK;41c3ca98-fbd0-443d-b203-80ce0c35105c
2024-11-30 00:55:29,227;Capella;6.1.0.202303291413;Open+Representation;;;
2024-11-30 00:55:29,311;Capella;6.1.0.202303291413;Open+Representation;;OK;
2024-11-30 00:55:36,466;Capella;6.1.0.202303291413;Open+Representation;;;
2024-11-30 00:55:36,513;Capella;6.1.0.202303291413;Open+Representation;;OK;
2024-11-30 00:59:24,108;Capella;6.1.0.202303291413;Open+Representation;;;
2024-11-30 00:59:24,293;Capella;6.1.0.202303291413;Open+Representation;;OK;
2024-11-30 01:03:04,880;Capella;6.1.0.202303291413;Validation;;;
2024-11-30 01:03:05,680;Capella;6.1.0.202303291413;Validation;;OK;
2024-11-30 01:08:49,992;Capella;6.1.0.202303291413;Create+Representation;Operational+Entity+Blank;;865e58a6-3bf1-4a63-8ea2-591b2d23e611
2024-11-30 01:09:02,539;Capella;6.1.0.202303291413;Create+Representation;Operational+Entity+Blank;;865e58a6-3bf1-4a63-8ea2-591b2d23e611
2024-11-30 01:09:02,546;Capella;6.1.0.202303291413;Create+Representation;Operational+Entity+Blank;OK;865e58a6-3bf1-4a63-8ea2-591b2d23e611
2024-11-30 01:09:02,752;Capella;6.1.0.202303291413;Create+Representation;Operational+Entity+Blank;OK;865e58a6-3bf1-4a63-8ea2-591b2d23e611
2024-11-30 01:23:50,255;Capella;6.1.0.202303291413;Open+Representation;;;
2024-11-30 01:23:50,336;Capella;6.1.0.202303291413;Open+Representation;;OK;
